<?xml version="1.0" encoding="UTF-8"?>
<!-- Generated by org.testng.reporters.JUnitReportReporter -->
<testsuite hostname="JamesBond" failures="0" tests="1" name="Testcases.Android.SettingPageTest" time="0.000" errors="0" timestamp="2024-11-18T15:18:42 GMT" skipped="1">
  <testcase classname="Testcases.Android.SettingPageTest" name="verifySettingPageTitle" time="0.000">
    <skipped/>
  </testcase> <!-- verifySettingPageTitle -->
  <system-out/>
</testsuite> <!-- Testcases.Android.SettingPageTest -->
